Connecting to database specified by database.yml


Started GET "/assets/rails.png" for 127.0.0.1 at 2013-07-19 15:00:23 +0700
Served asset /rails.png - 200 OK (2ms)
Connecting to database specified by database.yml
Connecting to database specified by database.yml


Started GET "/assets/rails.png" for 127.0.0.1 at 2013-07-19 23:03:56 +0700
Served asset /rails.png - 304 Not Modified (1ms)
Connecting to database specified by database.yml
Connecting to database specified by database.yml
Connecting to database specified by database.yml
Connecting to database specified by database.yml


Started GET "/welcome/index" for 127.0.0.1 at 2013-07-21 01:04:52 +0700
Processing by WelcomeController#index as HTML
  Rendered welcome/index.html.erb within layouts/application (1.4ms)
Compiled welcome.css  (18ms)  (pid 20248)
Compiled application.css  (20ms)  (pid 20248)
Compiled jquery.js  (3ms)  (pid 20248)
Compiled jquery_ujs.js  (0ms)  (pid 20248)
Compiled welcome.js  (69ms)  (pid 20248)
Compiled application.js  (107ms)  (pid 20248)
Completed 200 OK in 194ms (Views: 193.5ms | ActiveRecord: 0.0ms)


Started GET "/assets/application.css?body=1" for 127.0.0.1 at 2013-07-21 01:04:52 +0700
Served asset /application.css - 200 OK (4ms)


Started GET "/assets/jquery.js?body=1" for 127.0.0.1 at 2013-07-21 01:04:52 +0700
Served asset /jquery.js - 200 OK (1ms)


Started GET "/assets/welcome.css?body=1" for 127.0.0.1 at 2013-07-21 01:04:52 +0700
Served asset /welcome.css - 200 OK (0ms)


Started GET "/assets/jquery_ujs.js?body=1" for 127.0.0.1 at 2013-07-21 01:04:52 +0700
Served asset /jquery_ujs.js - 200 OK (1ms)


Started GET "/assets/application.js?body=1" for 127.0.0.1 at 2013-07-21 01:04:52 +0700
Served asset /application.js - 200 OK (3ms)


Started GET "/assets/welcome.js?body=1" for 127.0.0.1 at 2013-07-21 01:04:52 +0700
Served asset /welcome.js - 200 OK (21ms)


Started GET "/" for 127.0.0.1 at 2013-07-21 01:07:46 +0700
Processing by WelcomeController#index as HTML
  Rendered welcome/index.html.erb within layouts/application (0.0ms)
Completed 200 OK in 6ms (Views: 5.5ms | ActiveRecord: 0.0ms)


Started GET "/assets/application.css?body=1" for 127.0.0.1 at 2013-07-21 01:07:46 +0700
Served asset /application.css - 304 Not Modified (2ms)


Started GET "/assets/jquery.js?body=1" for 127.0.0.1 at 2013-07-21 01:07:46 +0700
Served asset /jquery.js - 304 Not Modified (0ms)


Started GET "/assets/welcome.css?body=1" for 127.0.0.1 at 2013-07-21 01:07:46 +0700
Served asset /welcome.css - 304 Not Modified (0ms)


Started GET "/assets/jquery_ujs.js?body=1" for 127.0.0.1 at 2013-07-21 01:07:46 +0700
Served asset /jquery_ujs.js - 304 Not Modified (0ms)


Started GET "/assets/application.js?body=1" for 127.0.0.1 at 2013-07-21 01:07:46 +0700
Served asset /application.js - 304 Not Modified (0ms)


Started GET "/assets/welcome.js?body=1" for 127.0.0.1 at 2013-07-21 01:07:46 +0700
Served asset /welcome.js - 304 Not Modified (0ms)
Connecting to database specified by database.yml


Started GET "/" for 127.0.0.1 at 2013-07-21 02:34:50 +0700
Processing by WelcomeController#index as HTML
  Rendered welcome/index.html.erb within layouts/application (0.8ms)
Completed 200 OK in 16ms (Views: 15.8ms | ActiveRecord: 0.0ms)


Started GET "/assets/application.css?body=1" for 127.0.0.1 at 2013-07-21 02:34:51 +0700
Served asset /application.css - 304 Not Modified (6ms)


Started GET "/assets/welcome.css?body=1" for 127.0.0.1 at 2013-07-21 02:34:51 +0700
Served asset /welcome.css - 304 Not Modified (1ms)


Started GET "/assets/application.js?body=1" for 127.0.0.1 at 2013-07-21 02:34:51 +0700
Served asset /application.js - 304 Not Modified (20ms)


Started GET "/assets/jquery_ujs.js?body=1" for 127.0.0.1 at 2013-07-21 02:34:51 +0700
Served asset /jquery_ujs.js - 304 Not Modified (1ms)


Started GET "/assets/jquery.js?body=1" for 127.0.0.1 at 2013-07-21 02:34:51 +0700
Served asset /jquery.js - 304 Not Modified (3ms)


Started GET "/assets/welcome.js?body=1" for 127.0.0.1 at 2013-07-21 02:34:51 +0700
Served asset /welcome.js - 304 Not Modified (1ms)
Connecting to database specified by database.yml


Started GET "/assets/rails.png" for 127.0.0.1 at 2013-07-21 02:47:54 +0700
Served asset /rails.png - 304 Not Modified (11ms)
Connecting to database specified by database.yml


Started GET "/assets/rails.png" for 127.0.0.1 at 2013-07-21 02:49:23 +0700
Served asset /rails.png - 304 Not Modified (11ms)


Started GET "/assets/rails.png" for 127.0.0.1 at 2013-07-21 02:49:26 +0700
Served asset /rails.png - 304 Not Modified (0ms)


Started GET "/assets/rails.png" for 127.0.0.1 at 2013-07-21 02:49:28 +0700
Served asset /rails.png - 304 Not Modified (0ms)


Started GET "/welcome/index/" for 127.0.0.1 at 2013-07-21 02:49:44 +0700
Processing by WelcomeController#index as HTML
  Rendered welcome/index.html.erb within layouts/application (5.9ms)
Completed 200 OK in 145ms (Views: 142.4ms | ActiveRecord: 0.0ms)


Started GET "/assets/application.css?body=1" for 127.0.0.1 at 2013-07-21 02:49:44 +0700
Served asset /application.css - 200 OK (123ms)


Started GET "/assets/welcome.css?body=1" for 127.0.0.1 at 2013-07-21 02:49:45 +0700
Served asset /welcome.css - 200 OK (10ms)


Started GET "/assets/jquery.js?body=1" for 127.0.0.1 at 2013-07-21 02:49:45 +0700
Served asset /jquery.js - 200 OK (19ms)


Started GET "/assets/jquery_ujs.js?body=1" for 127.0.0.1 at 2013-07-21 02:49:45 +0700
Served asset /jquery_ujs.js - 200 OK (16ms)


Started GET "/assets/welcome.js?body=1" for 127.0.0.1 at 2013-07-21 02:49:45 +0700
Served asset /welcome.js - 200 OK (14ms)


Started GET "/assets/application.js?body=1" for 127.0.0.1 at 2013-07-21 02:49:45 +0700
Served asset /application.js - 200 OK (41ms)


Started GET "/" for 127.0.0.1 at 2013-07-21 03:01:34 +0700
Processing by WelcomeController#index as HTML
  Rendered welcome/index.html.erb within layouts/application (0.2ms)
Completed 200 OK in 70ms (Views: 63.9ms | ActiveRecord: 0.0ms)


Started GET "/assets/welcome.css?body=1" for 127.0.0.1 at 2013-07-21 03:01:35 +0700
Served asset /welcome.css - 304 Not Modified (0ms)


Started GET "/assets/welcome.js?body=1" for 127.0.0.1 at 2013-07-21 03:01:35 +0700
Served asset /welcome.js - 304 Not Modified (1ms)
Connecting to database specified by database.yml
Connecting to database specified by database.yml


Started GET "/" for 127.0.0.1 at 2013-07-21 17:50:06 +0700
Processing by WelcomeController#index as HTML
  Rendered welcome/index.html.erb within layouts/application (16.8ms)
Completed 200 OK in 301ms (Views: 299.7ms | ActiveRecord: 0.0ms)


Started GET "/assets/application.css?body=1" for 127.0.0.1 at 2013-07-21 17:50:07 +0700
Served asset /application.css - 304 Not Modified (74ms)


Started GET "/assets/welcome.css?body=1" for 127.0.0.1 at 2013-07-21 17:50:08 +0700
Served asset /welcome.css - 304 Not Modified (8ms)


Started GET "/assets/jquery.js?body=1" for 127.0.0.1 at 2013-07-21 17:50:08 +0700
Served asset /jquery.js - 304 Not Modified (23ms)


Started GET "/assets/jquery_ujs.js?body=1" for 127.0.0.1 at 2013-07-21 17:50:08 +0700
Served asset /jquery_ujs.js - 304 Not Modified (15ms)


Started GET "/assets/application.js?body=1" for 127.0.0.1 at 2013-07-21 17:50:08 +0700
Served asset /application.js - 304 Not Modified (36ms)


Started GET "/assets/welcome.js?body=1" for 127.0.0.1 at 2013-07-21 17:50:08 +0700
Served asset /welcome.js - 304 Not Modified (10ms)
Connecting to database specified by database.yml


Started GET "/posts/create" for 127.0.0.1 at 2013-07-21 23:02:22 +0700

ActionController::RoutingError (No route matches [GET] "/posts/create"):
  actionpack (3.2.13) lib/action_dispatch/middleware/debug_exceptions.rb:21:in `call'
  actionpack (3.2.13) lib/action_dispatch/middleware/show_exceptions.rb:56:in `call'
  railties (3.2.13) lib/rails/rack/logger.rb:32:in `call_app'
  railties (3.2.13) lib/rails/rack/logger.rb:16:in `block in call'
  activesupport (3.2.13) lib/active_support/tagged_logging.rb:22:in `tagged'
  railties (3.2.13) lib/rails/rack/logger.rb:16:in `call'
  actionpack (3.2.13) lib/action_dispatch/middleware/request_id.rb:22:in `call'
  rack (1.4.5) lib/rack/methodoverride.rb:21:in `call'
  rack (1.4.5) lib/rack/runtime.rb:17:in `call'
  activesupport (3.2.13) lib/active_support/cache/strategy/local_cache.rb:72:in `call'
  rack (1.4.5) lib/rack/lock.rb:15:in `call'
  actionpack (3.2.13) lib/action_dispatch/middleware/static.rb:63:in `call'
  railties (3.2.13) lib/rails/engine.rb:479:in `call'
  railties (3.2.13) lib/rails/application.rb:223:in `call'
  rack (1.4.5) lib/rack/content_length.rb:14:in `call'
  railties (3.2.13) lib/rails/rack/log_tailer.rb:17:in `call'
  rack (1.4.5) lib/rack/handler/webrick.rb:59:in `service'
  /home/r/.rvm/rubies/ruby-2.0.0-p247/lib/ruby/2.0.0/webrick/httpserver.rb:138:in `service'
  /home/r/.rvm/rubies/ruby-2.0.0-p247/lib/ruby/2.0.0/webrick/httpserver.rb:94:in `run'
  /home/r/.rvm/rubies/ruby-2.0.0-p247/lib/ruby/2.0.0/webrick/server.rb:295:in `block in start_thread'


  Rendered /home/r/.rvm/gems/ruby-2.0.0-p247/gems/actionpack-3.2.13/lib/action_dispatch/middleware/templates/rescues/routing_error.erb within rescues/layout (4.9ms)


Started GET "/posts/create" for 127.0.0.1 at 2013-07-21 23:03:05 +0700

ActionController::RoutingError (No route matches [GET] "/posts/create"):
  actionpack (3.2.13) lib/action_dispatch/middleware/debug_exceptions.rb:21:in `call'
  actionpack (3.2.13) lib/action_dispatch/middleware/show_exceptions.rb:56:in `call'
  railties (3.2.13) lib/rails/rack/logger.rb:32:in `call_app'
  railties (3.2.13) lib/rails/rack/logger.rb:16:in `block in call'
  activesupport (3.2.13) lib/active_support/tagged_logging.rb:22:in `tagged'
  railties (3.2.13) lib/rails/rack/logger.rb:16:in `call'
  actionpack (3.2.13) lib/action_dispatch/middleware/request_id.rb:22:in `call'
  rack (1.4.5) lib/rack/methodoverride.rb:21:in `call'
  rack (1.4.5) lib/rack/runtime.rb:17:in `call'
  activesupport (3.2.13) lib/active_support/cache/strategy/local_cache.rb:72:in `call'
  rack (1.4.5) lib/rack/lock.rb:15:in `call'
  actionpack (3.2.13) lib/action_dispatch/middleware/static.rb:63:in `call'
  railties (3.2.13) lib/rails/engine.rb:479:in `call'
  railties (3.2.13) lib/rails/application.rb:223:in `call'
  rack (1.4.5) lib/rack/content_length.rb:14:in `call'
  railties (3.2.13) lib/rails/rack/log_tailer.rb:17:in `call'
  rack (1.4.5) lib/rack/handler/webrick.rb:59:in `service'
  /home/r/.rvm/rubies/ruby-2.0.0-p247/lib/ruby/2.0.0/webrick/httpserver.rb:138:in `service'
  /home/r/.rvm/rubies/ruby-2.0.0-p247/lib/ruby/2.0.0/webrick/httpserver.rb:94:in `run'
  /home/r/.rvm/rubies/ruby-2.0.0-p247/lib/ruby/2.0.0/webrick/server.rb:295:in `block in start_thread'


  Rendered /home/r/.rvm/gems/ruby-2.0.0-p247/gems/actionpack-3.2.13/lib/action_dispatch/middleware/templates/rescues/routing_error.erb within rescues/layout (3.6ms)


Started GET "/posts/new" for 127.0.0.1 at 2013-07-21 23:03:26 +0700

ActionController::RoutingError (No route matches [GET] "/posts/new"):
  actionpack (3.2.13) lib/action_dispatch/middleware/debug_exceptions.rb:21:in `call'
  actionpack (3.2.13) lib/action_dispatch/middleware/show_exceptions.rb:56:in `call'
  railties (3.2.13) lib/rails/rack/logger.rb:32:in `call_app'
  railties (3.2.13) lib/rails/rack/logger.rb:16:in `block in call'
  activesupport (3.2.13) lib/active_support/tagged_logging.rb:22:in `tagged'
  railties (3.2.13) lib/rails/rack/logger.rb:16:in `call'
  actionpack (3.2.13) lib/action_dispatch/middleware/request_id.rb:22:in `call'
  rack (1.4.5) lib/rack/methodoverride.rb:21:in `call'
  rack (1.4.5) lib/rack/runtime.rb:17:in `call'
  activesupport (3.2.13) lib/active_support/cache/strategy/local_cache.rb:72:in `call'
  rack (1.4.5) lib/rack/lock.rb:15:in `call'
  actionpack (3.2.13) lib/action_dispatch/middleware/static.rb:63:in `call'
  railties (3.2.13) lib/rails/engine.rb:479:in `call'
  railties (3.2.13) lib/rails/application.rb:223:in `call'
  rack (1.4.5) lib/rack/content_length.rb:14:in `call'
  railties (3.2.13) lib/rails/rack/log_tailer.rb:17:in `call'
  rack (1.4.5) lib/rack/handler/webrick.rb:59:in `service'
  /home/r/.rvm/rubies/ruby-2.0.0-p247/lib/ruby/2.0.0/webrick/httpserver.rb:138:in `service'
  /home/r/.rvm/rubies/ruby-2.0.0-p247/lib/ruby/2.0.0/webrick/httpserver.rb:94:in `run'
  /home/r/.rvm/rubies/ruby-2.0.0-p247/lib/ruby/2.0.0/webrick/server.rb:295:in `block in start_thread'


  Rendered /home/r/.rvm/gems/ruby-2.0.0-p247/gems/actionpack-3.2.13/lib/action_dispatch/middleware/templates/rescues/routing_error.erb within rescues/layout (3.6ms)


Started GET "/posts/new" for 127.0.0.1 at 2013-07-21 23:03:49 +0700

ActionController::RoutingError (No route matches [GET] "/posts/new"):
  actionpack (3.2.13) lib/action_dispatch/middleware/debug_exceptions.rb:21:in `call'
  actionpack (3.2.13) lib/action_dispatch/middleware/show_exceptions.rb:56:in `call'
  railties (3.2.13) lib/rails/rack/logger.rb:32:in `call_app'
  railties (3.2.13) lib/rails/rack/logger.rb:16:in `block in call'
  activesupport (3.2.13) lib/active_support/tagged_logging.rb:22:in `tagged'
  railties (3.2.13) lib/rails/rack/logger.rb:16:in `call'
  actionpack (3.2.13) lib/action_dispatch/middleware/request_id.rb:22:in `call'
  rack (1.4.5) lib/rack/methodoverride.rb:21:in `call'
  rack (1.4.5) lib/rack/runtime.rb:17:in `call'
  activesupport (3.2.13) lib/active_support/cache/strategy/local_cache.rb:72:in `call'
  rack (1.4.5) lib/rack/lock.rb:15:in `call'
  actionpack (3.2.13) lib/action_dispatch/middleware/static.rb:63:in `call'
  railties (3.2.13) lib/rails/engine.rb:479:in `call'
  railties (3.2.13) lib/rails/application.rb:223:in `call'
  rack (1.4.5) lib/rack/content_length.rb:14:in `call'
  railties (3.2.13) lib/rails/rack/log_tailer.rb:17:in `call'
  rack (1.4.5) lib/rack/handler/webrick.rb:59:in `service'
  /home/r/.rvm/rubies/ruby-2.0.0-p247/lib/ruby/2.0.0/webrick/httpserver.rb:138:in `service'
  /home/r/.rvm/rubies/ruby-2.0.0-p247/lib/ruby/2.0.0/webrick/httpserver.rb:94:in `run'
  /home/r/.rvm/rubies/ruby-2.0.0-p247/lib/ruby/2.0.0/webrick/server.rb:295:in `block in start_thread'


  Rendered /home/r/.rvm/gems/ruby-2.0.0-p247/gems/actionpack-3.2.13/lib/action_dispatch/middleware/templates/rescues/routing_error.erb within rescues/layout (3.5ms)


Started GET "/posts/new/" for 127.0.0.1 at 2013-07-21 23:03:52 +0700

ActionController::RoutingError (No route matches [GET] "/posts/new"):
  actionpack (3.2.13) lib/action_dispatch/middleware/debug_exceptions.rb:21:in `call'
  actionpack (3.2.13) lib/action_dispatch/middleware/show_exceptions.rb:56:in `call'
  railties (3.2.13) lib/rails/rack/logger.rb:32:in `call_app'
  railties (3.2.13) lib/rails/rack/logger.rb:16:in `block in call'
  activesupport (3.2.13) lib/active_support/tagged_logging.rb:22:in `tagged'
  railties (3.2.13) lib/rails/rack/logger.rb:16:in `call'
  actionpack (3.2.13) lib/action_dispatch/middleware/request_id.rb:22:in `call'
  rack (1.4.5) lib/rack/methodoverride.rb:21:in `call'
  rack (1.4.5) lib/rack/runtime.rb:17:in `call'
  activesupport (3.2.13) lib/active_support/cache/strategy/local_cache.rb:72:in `call'
  rack (1.4.5) lib/rack/lock.rb:15:in `call'
  actionpack (3.2.13) lib/action_dispatch/middleware/static.rb:63:in `call'
  railties (3.2.13) lib/rails/engine.rb:479:in `call'
  railties (3.2.13) lib/rails/application.rb:223:in `call'
  rack (1.4.5) lib/rack/content_length.rb:14:in `call'
  railties (3.2.13) lib/rails/rack/log_tailer.rb:17:in `call'
  rack (1.4.5) lib/rack/handler/webrick.rb:59:in `service'
  /home/r/.rvm/rubies/ruby-2.0.0-p247/lib/ruby/2.0.0/webrick/httpserver.rb:138:in `service'
  /home/r/.rvm/rubies/ruby-2.0.0-p247/lib/ruby/2.0.0/webrick/httpserver.rb:94:in `run'
  /home/r/.rvm/rubies/ruby-2.0.0-p247/lib/ruby/2.0.0/webrick/server.rb:295:in `block in start_thread'


  Rendered /home/r/.rvm/gems/ruby-2.0.0-p247/gems/actionpack-3.2.13/lib/action_dispatch/middleware/templates/rescues/routing_error.erb within rescues/layout (3.6ms)
Connecting to database specified by database.yml


Started GET "/posts/new" for 127.0.0.1 at 2013-07-21 23:05:34 +0700

ActionController::RoutingError (No route matches [GET] "/posts/new"):
  actionpack (3.2.13) lib/action_dispatch/middleware/debug_exceptions.rb:21:in `call'
  actionpack (3.2.13) lib/action_dispatch/middleware/show_exceptions.rb:56:in `call'
  railties (3.2.13) lib/rails/rack/logger.rb:32:in `call_app'
  railties (3.2.13) lib/rails/rack/logger.rb:16:in `block in call'
  activesupport (3.2.13) lib/active_support/tagged_logging.rb:22:in `tagged'
  railties (3.2.13) lib/rails/rack/logger.rb:16:in `call'
  actionpack (3.2.13) lib/action_dispatch/middleware/request_id.rb:22:in `call'
  rack (1.4.5) lib/rack/methodoverride.rb:21:in `call'
  rack (1.4.5) lib/rack/runtime.rb:17:in `call'
  activesupport (3.2.13) lib/active_support/cache/strategy/local_cache.rb:72:in `call'
  rack (1.4.5) lib/rack/lock.rb:15:in `call'
  actionpack (3.2.13) lib/action_dispatch/middleware/static.rb:63:in `call'
  railties (3.2.13) lib/rails/engine.rb:479:in `call'
  railties (3.2.13) lib/rails/application.rb:223:in `call'
  rack (1.4.5) lib/rack/content_length.rb:14:in `call'
  railties (3.2.13) lib/rails/rack/log_tailer.rb:17:in `call'
  rack (1.4.5) lib/rack/handler/webrick.rb:59:in `service'
  /home/r/.rvm/rubies/ruby-2.0.0-p247/lib/ruby/2.0.0/webrick/httpserver.rb:138:in `service'
  /home/r/.rvm/rubies/ruby-2.0.0-p247/lib/ruby/2.0.0/webrick/httpserver.rb:94:in `run'
  /home/r/.rvm/rubies/ruby-2.0.0-p247/lib/ruby/2.0.0/webrick/server.rb:295:in `block in start_thread'


  Rendered /home/r/.rvm/gems/ruby-2.0.0-p247/gems/actionpack-3.2.13/lib/action_dispatch/middleware/templates/rescues/routing_error.erb within rescues/layout (3.6ms)


Started GET "/posts/new" for 127.0.0.1 at 2013-07-21 23:06:27 +0700

ActionController::RoutingError (No route matches [GET] "/posts/new"):
  actionpack (3.2.13) lib/action_dispatch/middleware/debug_exceptions.rb:21:in `call'
  actionpack (3.2.13) lib/action_dispatch/middleware/show_exceptions.rb:56:in `call'
  railties (3.2.13) lib/rails/rack/logger.rb:32:in `call_app'
  railties (3.2.13) lib/rails/rack/logger.rb:16:in `block in call'
  activesupport (3.2.13) lib/active_support/tagged_logging.rb:22:in `tagged'
  railties (3.2.13) lib/rails/rack/logger.rb:16:in `call'
  actionpack (3.2.13) lib/action_dispatch/middleware/request_id.rb:22:in `call'
  rack (1.4.5) lib/rack/methodoverride.rb:21:in `call'
  rack (1.4.5) lib/rack/runtime.rb:17:in `call'
  activesupport (3.2.13) lib/active_support/cache/strategy/local_cache.rb:72:in `call'
  rack (1.4.5) lib/rack/lock.rb:15:in `call'
  actionpack (3.2.13) lib/action_dispatch/middleware/static.rb:63:in `call'
  railties (3.2.13) lib/rails/engine.rb:479:in `call'
  railties (3.2.13) lib/rails/application.rb:223:in `call'
  rack (1.4.5) lib/rack/content_length.rb:14:in `call'
  railties (3.2.13) lib/rails/rack/log_tailer.rb:17:in `call'
  rack (1.4.5) lib/rack/handler/webrick.rb:59:in `service'
  /home/r/.rvm/rubies/ruby-2.0.0-p247/lib/ruby/2.0.0/webrick/httpserver.rb:138:in `service'
  /home/r/.rvm/rubies/ruby-2.0.0-p247/lib/ruby/2.0.0/webrick/httpserver.rb:94:in `run'
  /home/r/.rvm/rubies/ruby-2.0.0-p247/lib/ruby/2.0.0/webrick/server.rb:295:in `block in start_thread'


  Rendered /home/r/.rvm/gems/ruby-2.0.0-p247/gems/actionpack-3.2.13/lib/action_dispatch/middleware/templates/rescues/routing_error.erb within rescues/layout (4.1ms)


Started GET "/posts/new" for 127.0.0.1 at 2013-07-21 23:06:41 +0700

ActionController::RoutingError (No route matches [GET] "/posts/new"):
  actionpack (3.2.13) lib/action_dispatch/middleware/debug_exceptions.rb:21:in `call'
  actionpack (3.2.13) lib/action_dispatch/middleware/show_exceptions.rb:56:in `call'
  railties (3.2.13) lib/rails/rack/logger.rb:32:in `call_app'
  railties (3.2.13) lib/rails/rack/logger.rb:16:in `block in call'
  activesupport (3.2.13) lib/active_support/tagged_logging.rb:22:in `tagged'
  railties (3.2.13) lib/rails/rack/logger.rb:16:in `call'
  actionpack (3.2.13) lib/action_dispatch/middleware/request_id.rb:22:in `call'
  rack (1.4.5) lib/rack/methodoverride.rb:21:in `call'
  rack (1.4.5) lib/rack/runtime.rb:17:in `call'
  activesupport (3.2.13) lib/active_support/cache/strategy/local_cache.rb:72:in `call'
  rack (1.4.5) lib/rack/lock.rb:15:in `call'
  actionpack (3.2.13) lib/action_dispatch/middleware/static.rb:63:in `call'
  railties (3.2.13) lib/rails/engine.rb:479:in `call'
  railties (3.2.13) lib/rails/application.rb:223:in `call'
  rack (1.4.5) lib/rack/content_length.rb:14:in `call'
  railties (3.2.13) lib/rails/rack/log_tailer.rb:17:in `call'
  rack (1.4.5) lib/rack/handler/webrick.rb:59:in `service'
  /home/r/.rvm/rubies/ruby-2.0.0-p247/lib/ruby/2.0.0/webrick/httpserver.rb:138:in `service'
  /home/r/.rvm/rubies/ruby-2.0.0-p247/lib/ruby/2.0.0/webrick/httpserver.rb:94:in `run'
  /home/r/.rvm/rubies/ruby-2.0.0-p247/lib/ruby/2.0.0/webrick/server.rb:295:in `block in start_thread'


  Rendered /home/r/.rvm/gems/ruby-2.0.0-p247/gems/actionpack-3.2.13/lib/action_dispatch/middleware/templates/rescues/routing_error.erb within rescues/layout (3.5ms)


Started GET "/posts/new" for 127.0.0.1 at 2013-07-21 23:08:37 +0700

ActionController::RoutingError (No route matches [GET] "/posts/new"):
  actionpack (3.2.13) lib/action_dispatch/middleware/debug_exceptions.rb:21:in `call'
  actionpack (3.2.13) lib/action_dispatch/middleware/show_exceptions.rb:56:in `call'
  railties (3.2.13) lib/rails/rack/logger.rb:32:in `call_app'
  railties (3.2.13) lib/rails/rack/logger.rb:16:in `block in call'
  activesupport (3.2.13) lib/active_support/tagged_logging.rb:22:in `tagged'
  railties (3.2.13) lib/rails/rack/logger.rb:16:in `call'
  actionpack (3.2.13) lib/action_dispatch/middleware/request_id.rb:22:in `call'
  rack (1.4.5) lib/rack/methodoverride.rb:21:in `call'
  rack (1.4.5) lib/rack/runtime.rb:17:in `call'
  activesupport (3.2.13) lib/active_support/cache/strategy/local_cache.rb:72:in `call'
  rack (1.4.5) lib/rack/lock.rb:15:in `call'
  actionpack (3.2.13) lib/action_dispatch/middleware/static.rb:63:in `call'
  railties (3.2.13) lib/rails/engine.rb:479:in `call'
  railties (3.2.13) lib/rails/application.rb:223:in `call'
  rack (1.4.5) lib/rack/content_length.rb:14:in `call'
  railties (3.2.13) lib/rails/rack/log_tailer.rb:17:in `call'
  rack (1.4.5) lib/rack/handler/webrick.rb:59:in `service'
  /home/r/.rvm/rubies/ruby-2.0.0-p247/lib/ruby/2.0.0/webrick/httpserver.rb:138:in `service'
  /home/r/.rvm/rubies/ruby-2.0.0-p247/lib/ruby/2.0.0/webrick/httpserver.rb:94:in `run'
  /home/r/.rvm/rubies/ruby-2.0.0-p247/lib/ruby/2.0.0/webrick/server.rb:295:in `block in start_thread'


  Rendered /home/r/.rvm/gems/ruby-2.0.0-p247/gems/actionpack-3.2.13/lib/action_dispatch/middleware/templates/rescues/routing_error.erb within rescues/layout (3.9ms)


Started GET "/posts/new" for 127.0.0.1 at 2013-07-21 23:08:56 +0700

ActionController::RoutingError (No route matches [GET] "/posts/new"):
  actionpack (3.2.13) lib/action_dispatch/middleware/debug_exceptions.rb:21:in `call'
  actionpack (3.2.13) lib/action_dispatch/middleware/show_exceptions.rb:56:in `call'
  railties (3.2.13) lib/rails/rack/logger.rb:32:in `call_app'
  railties (3.2.13) lib/rails/rack/logger.rb:16:in `block in call'
  activesupport (3.2.13) lib/active_support/tagged_logging.rb:22:in `tagged'
  railties (3.2.13) lib/rails/rack/logger.rb:16:in `call'
  actionpack (3.2.13) lib/action_dispatch/middleware/request_id.rb:22:in `call'
  rack (1.4.5) lib/rack/methodoverride.rb:21:in `call'
  rack (1.4.5) lib/rack/runtime.rb:17:in `call'
  activesupport (3.2.13) lib/active_support/cache/strategy/local_cache.rb:72:in `call'
  rack (1.4.5) lib/rack/lock.rb:15:in `call'
  actionpack (3.2.13) lib/action_dispatch/middleware/static.rb:63:in `call'
  railties (3.2.13) lib/rails/engine.rb:479:in `call'
  railties (3.2.13) lib/rails/application.rb:223:in `call'
  rack (1.4.5) lib/rack/content_length.rb:14:in `call'
  railties (3.2.13) lib/rails/rack/log_tailer.rb:17:in `call'
  rack (1.4.5) lib/rack/handler/webrick.rb:59:in `service'
  /home/r/.rvm/rubies/ruby-2.0.0-p247/lib/ruby/2.0.0/webrick/httpserver.rb:138:in `service'
  /home/r/.rvm/rubies/ruby-2.0.0-p247/lib/ruby/2.0.0/webrick/httpserver.rb:94:in `run'
  /home/r/.rvm/rubies/ruby-2.0.0-p247/lib/ruby/2.0.0/webrick/server.rb:295:in `block in start_thread'


  Rendered /home/r/.rvm/gems/ruby-2.0.0-p247/gems/actionpack-3.2.13/lib/action_dispatch/middleware/templates/rescues/routing_error.erb within rescues/layout (4.5ms)


Started GET "/posts/new" for 127.0.0.1 at 2013-07-21 23:08:58 +0700

ActionController::RoutingError (No route matches [GET] "/posts/new"):
  actionpack (3.2.13) lib/action_dispatch/middleware/debug_exceptions.rb:21:in `call'
  actionpack (3.2.13) lib/action_dispatch/middleware/show_exceptions.rb:56:in `call'
  railties (3.2.13) lib/rails/rack/logger.rb:32:in `call_app'
  railties (3.2.13) lib/rails/rack/logger.rb:16:in `block in call'
  activesupport (3.2.13) lib/active_support/tagged_logging.rb:22:in `tagged'
  railties (3.2.13) lib/rails/rack/logger.rb:16:in `call'
  actionpack (3.2.13) lib/action_dispatch/middleware/request_id.rb:22:in `call'
  rack (1.4.5) lib/rack/methodoverride.rb:21:in `call'
  rack (1.4.5) lib/rack/runtime.rb:17:in `call'
  activesupport (3.2.13) lib/active_support/cache/strategy/local_cache.rb:72:in `call'
  rack (1.4.5) lib/rack/lock.rb:15:in `call'
  actionpack (3.2.13) lib/action_dispatch/middleware/static.rb:63:in `call'
  railties (3.2.13) lib/rails/engine.rb:479:in `call'
  railties (3.2.13) lib/rails/application.rb:223:in `call'
  rack (1.4.5) lib/rack/content_length.rb:14:in `call'
  railties (3.2.13) lib/rails/rack/log_tailer.rb:17:in `call'
  rack (1.4.5) lib/rack/handler/webrick.rb:59:in `service'
  /home/r/.rvm/rubies/ruby-2.0.0-p247/lib/ruby/2.0.0/webrick/httpserver.rb:138:in `service'
  /home/r/.rvm/rubies/ruby-2.0.0-p247/lib/ruby/2.0.0/webrick/httpserver.rb:94:in `run'
  /home/r/.rvm/rubies/ruby-2.0.0-p247/lib/ruby/2.0.0/webrick/server.rb:295:in `block in start_thread'


  Rendered /home/r/.rvm/gems/ruby-2.0.0-p247/gems/actionpack-3.2.13/lib/action_dispatch/middleware/templates/rescues/routing_error.erb within rescues/layout (3.7ms)


Started GET "/posts/new" for 127.0.0.1 at 2013-07-21 23:08:59 +0700

ActionController::RoutingError (No route matches [GET] "/posts/new"):
  actionpack (3.2.13) lib/action_dispatch/middleware/debug_exceptions.rb:21:in `call'
  actionpack (3.2.13) lib/action_dispatch/middleware/show_exceptions.rb:56:in `call'
  railties (3.2.13) lib/rails/rack/logger.rb:32:in `call_app'
  railties (3.2.13) lib/rails/rack/logger.rb:16:in `block in call'
  activesupport (3.2.13) lib/active_support/tagged_logging.rb:22:in `tagged'
  railties (3.2.13) lib/rails/rack/logger.rb:16:in `call'
  actionpack (3.2.13) lib/action_dispatch/middleware/request_id.rb:22:in `call'
  rack (1.4.5) lib/rack/methodoverride.rb:21:in `call'
  rack (1.4.5) lib/rack/runtime.rb:17:in `call'
  activesupport (3.2.13) lib/active_support/cache/strategy/local_cache.rb:72:in `call'
  rack (1.4.5) lib/rack/lock.rb:15:in `call'
  actionpack (3.2.13) lib/action_dispatch/middleware/static.rb:63:in `call'
  railties (3.2.13) lib/rails/engine.rb:479:in `call'
  railties (3.2.13) lib/rails/application.rb:223:in `call'
  rack (1.4.5) lib/rack/content_length.rb:14:in `call'
  railties (3.2.13) lib/rails/rack/log_tailer.rb:17:in `call'
  rack (1.4.5) lib/rack/handler/webrick.rb:59:in `service'
  /home/r/.rvm/rubies/ruby-2.0.0-p247/lib/ruby/2.0.0/webrick/httpserver.rb:138:in `service'
  /home/r/.rvm/rubies/ruby-2.0.0-p247/lib/ruby/2.0.0/webrick/httpserver.rb:94:in `run'
  /home/r/.rvm/rubies/ruby-2.0.0-p247/lib/ruby/2.0.0/webrick/server.rb:295:in `block in start_thread'


  Rendered /home/r/.rvm/gems/ruby-2.0.0-p247/gems/actionpack-3.2.13/lib/action_dispatch/middleware/templates/rescues/routing_error.erb within rescues/layout (8.1ms)
Connecting to database specified by database.yml


Started GET "/posts/new" for 127.0.0.1 at 2013-07-21 23:10:41 +0700

ActionController::RoutingError (No route matches [GET] "/posts/new"):
  actionpack (3.2.13) lib/action_dispatch/middleware/debug_exceptions.rb:21:in `call'
  actionpack (3.2.13) lib/action_dispatch/middleware/show_exceptions.rb:56:in `call'
  railties (3.2.13) lib/rails/rack/logger.rb:32:in `call_app'
  railties (3.2.13) lib/rails/rack/logger.rb:16:in `block in call'
  activesupport (3.2.13) lib/active_support/tagged_logging.rb:22:in `tagged'
  railties (3.2.13) lib/rails/rack/logger.rb:16:in `call'
  actionpack (3.2.13) lib/action_dispatch/middleware/request_id.rb:22:in `call'
  rack (1.4.5) lib/rack/methodoverride.rb:21:in `call'
  rack (1.4.5) lib/rack/runtime.rb:17:in `call'
  activesupport (3.2.13) lib/active_support/cache/strategy/local_cache.rb:72:in `call'
  rack (1.4.5) lib/rack/lock.rb:15:in `call'
  actionpack (3.2.13) lib/action_dispatch/middleware/static.rb:63:in `call'
  railties (3.2.13) lib/rails/engine.rb:479:in `call'
  railties (3.2.13) lib/rails/application.rb:223:in `call'
  rack (1.4.5) lib/rack/content_length.rb:14:in `call'
  railties (3.2.13) lib/rails/rack/log_tailer.rb:17:in `call'
  rack (1.4.5) lib/rack/handler/webrick.rb:59:in `service'
  /home/r/.rvm/rubies/ruby-2.0.0-p247/lib/ruby/2.0.0/webrick/httpserver.rb:138:in `service'
  /home/r/.rvm/rubies/ruby-2.0.0-p247/lib/ruby/2.0.0/webrick/httpserver.rb:94:in `run'
  /home/r/.rvm/rubies/ruby-2.0.0-p247/lib/ruby/2.0.0/webrick/server.rb:295:in `block in start_thread'


  Rendered /home/r/.rvm/gems/ruby-2.0.0-p247/gems/actionpack-3.2.13/lib/action_dispatch/middleware/templates/rescues/routing_error.erb within rescues/layout (7.0ms)
Connecting to database specified by database.yml
Connecting to database specified by database.yml


Started GET "/" for 127.0.0.1 at 2013-07-22 13:06:33 +0700
Processing by WelcomeController#index as HTML
  Rendered welcome/index.html.erb within layouts/application (6.0ms)
Compiled posts.css  (20ms)  (pid 21246)
Compiled application.css  (39ms)  (pid 21246)
Compiled local-video.js  (1ms)  (pid 21246)
Compiled posts.js  (393ms)  (pid 21246)
Compiled application.js  (458ms)  (pid 21246)
Completed 200 OK in 932ms (Views: 929.9ms | ActiveRecord: 0.0ms)


Started GET "/assets/posts.css?body=1" for 127.0.0.1 at 2013-07-22 13:06:35 +0700
Served asset /posts.css - 304 Not Modified (11ms)


Started GET "/assets/application.css?body=1" for 127.0.0.1 at 2013-07-22 13:06:35 +0700
Served asset /application.css - 304 Not Modified (40ms)


Started GET "/assets/welcome.css?body=1" for 127.0.0.1 at 2013-07-22 13:06:35 +0700
Served asset /welcome.css - 304 Not Modified (20ms)


Started GET "/assets/jquery.js?body=1" for 127.0.0.1 at 2013-07-22 13:06:35 +0700
Served asset /jquery.js - 304 Not Modified (62ms)


Started GET "/assets/local-video.js?body=1" for 127.0.0.1 at 2013-07-22 13:06:35 +0700
Served asset /local-video.js - 304 Not Modified (9ms)


Started GET "/assets/jquery_ujs.js?body=1" for 127.0.0.1 at 2013-07-22 13:06:35 +0700
Served asset /jquery_ujs.js - 304 Not Modified (13ms)


Started GET "/assets/application.js?body=1" for 127.0.0.1 at 2013-07-22 13:06:35 +0700
Served asset /application.js - 304 Not Modified (127ms)


Started GET "/assets/welcome.js?body=1" for 127.0.0.1 at 2013-07-22 13:06:36 +0700
Served asset /welcome.js - 304 Not Modified (10ms)


Started GET "/assets/posts.js?body=1" for 127.0.0.1 at 2013-07-22 13:06:36 +0700
Served asset /posts.js - 304 Not Modified (9ms)


Started GET "/" for 127.0.0.1 at 2013-07-22 13:07:07 +0700
Processing by WelcomeController#index as HTML
  Rendered welcome/index.html.erb within layouts/application (2.0ms)
Completed 200 OK in 127ms (Views: 125.4ms | ActiveRecord: 0.0ms)


Started GET "/assets/application.css?body=1" for 127.0.0.1 at 2013-07-22 13:07:07 +0700
Served asset /application.css - 304 Not Modified (6ms)


Started GET "/assets/posts.css?body=1" for 127.0.0.1 at 2013-07-22 13:07:07 +0700
Served asset /posts.css - 304 Not Modified (0ms)


Started GET "/assets/welcome.css?body=1" for 127.0.0.1 at 2013-07-22 13:07:07 +0700
Served asset /welcome.css - 304 Not Modified (32ms)


Started GET "/assets/jquery.js?body=1" for 127.0.0.1 at 2013-07-22 13:07:07 +0700
Served asset /jquery.js - 304 Not Modified (4ms)


Started GET "/assets/jquery_ujs.js?body=1" for 127.0.0.1 at 2013-07-22 13:07:07 +0700
Served asset /jquery_ujs.js - 304 Not Modified (0ms)


Started GET "/assets/local-video.js?body=1" for 127.0.0.1 at 2013-07-22 13:07:07 +0700
Served asset /local-video.js - 304 Not Modified (0ms)


Started GET "/assets/posts.js?body=1" for 127.0.0.1 at 2013-07-22 13:07:07 +0700
Served asset /posts.js - 304 Not Modified (0ms)


Started GET "/assets/application.js?body=1" for 127.0.0.1 at 2013-07-22 13:07:07 +0700
Served asset /application.js - 304 Not Modified (10ms)


Started GET "/assets/welcome.js?body=1" for 127.0.0.1 at 2013-07-22 13:07:07 +0700
Served asset /welcome.js - 304 Not Modified (0ms)


Started GET "/" for 127.0.0.1 at 2013-07-22 13:07:40 +0700
Processing by WelcomeController#index as HTML
  Rendered welcome/index.html.erb within layouts/application (0.2ms)
Completed 200 OK in 210ms (Views: 208.2ms | ActiveRecord: 0.0ms)


Started GET "/assets/application.css?body=1" for 127.0.0.1 at 2013-07-22 13:07:41 +0700
Served asset /application.css - 304 Not Modified (1ms)


Started GET "/assets/posts.css?body=1" for 127.0.0.1 at 2013-07-22 13:07:41 +0700
Served asset /posts.css - 304 Not Modified (67ms)


Started GET "/assets/welcome.css?body=1" for 127.0.0.1 at 2013-07-22 13:07:41 +0700
Served asset /welcome.css - 304 Not Modified (18ms)


Started GET "/assets/jquery.js?body=1" for 127.0.0.1 at 2013-07-22 13:07:41 +0700
Served asset /jquery.js - 304 Not Modified (2ms)


Started GET "/assets/jquery_ujs.js?body=1" for 127.0.0.1 at 2013-07-22 13:07:41 +0700
Served asset /jquery_ujs.js - 304 Not Modified (0ms)


Started GET "/assets/local-video.js?body=1" for 127.0.0.1 at 2013-07-22 13:07:41 +0700
Served asset /local-video.js - 304 Not Modified (0ms)


Started GET "/assets/posts.js?body=1" for 127.0.0.1 at 2013-07-22 13:07:41 +0700
Served asset /posts.js - 304 Not Modified (0ms)


Started GET "/assets/application.js?body=1" for 127.0.0.1 at 2013-07-22 13:07:41 +0700
Served asset /application.js - 304 Not Modified (12ms)


Started GET "/assets/welcome.js?body=1" for 127.0.0.1 at 2013-07-22 13:07:42 +0700
Served asset /welcome.js - 304 Not Modified (0ms)


Started GET "/" for 127.0.0.1 at 2013-07-22 13:16:04 +0700
Processing by WelcomeController#index as HTML
  Rendered welcome/index.html.erb within layouts/application (0.2ms)
Completed 200 OK in 152ms (Views: 150.7ms | ActiveRecord: 0.0ms)


Started GET "/assets/application.css?body=1" for 127.0.0.1 at 2013-07-22 13:16:05 +0700
Served asset /application.css - 304 Not Modified (92ms)


Started GET "/assets/posts.css?body=1" for 127.0.0.1 at 2013-07-22 13:16:05 +0700
Served asset /posts.css - 304 Not Modified (30ms)


Started GET "/assets/jquery.js?body=1" for 127.0.0.1 at 2013-07-22 13:16:05 +0700
Served asset /jquery.js - 304 Not Modified (134ms)


Started GET "/assets/welcome.css?body=1" for 127.0.0.1 at 2013-07-22 13:16:05 +0700
Served asset /welcome.css - 304 Not Modified (26ms)


Started GET "/assets/local-video.js?body=1" for 127.0.0.1 at 2013-07-22 13:16:05 +0700
Served asset /local-video.js - 304 Not Modified (1ms)


Started GET "/assets/jquery_ujs.js?body=1" for 127.0.0.1 at 2013-07-22 13:16:05 +0700
Served asset /jquery_ujs.js - 304 Not Modified (1ms)


Started GET "/assets/posts.js?body=1" for 127.0.0.1 at 2013-07-22 13:16:05 +0700
Served asset /posts.js - 304 Not Modified (0ms)


Started GET "/assets/application.js?body=1" for 127.0.0.1 at 2013-07-22 13:16:05 +0700
Served asset /application.js - 304 Not Modified (10ms)


Started GET "/assets/welcome.js?body=1" for 127.0.0.1 at 2013-07-22 13:16:05 +0700
Served asset /welcome.js - 304 Not Modified (0ms)
